[ 2017-10-14T09:47:32+08:00 ] 127.0.0.1 /xiaoxing/
INFO: [ app_init ] --START--
INFO: Run Behavior\BuildLiteBehavior [ RunTime:0.000036s ]
INFO: [ app_init ] --END-- [ RunTime:0.013273s ]
INFO: [ app_begin ] --START--
INFO: Run Behavior\ReadHtmlCacheBehavior [ RunTime:0.003670s ]
INFO: [ app_begin ] --END-- [ RunTime:0.003815s ]
INFO: [ view_parse ] --START--
INFO: [ template_filter ] --START--
INFO: Run Behavior\ContentReplaceBehavior [ RunTime:0.000318s ]
INFO: [ template_filter ] --END-- [ RunTime:0.000435s ]
INFO: Run Behavior\ParseTemplateBehavior [ RunTime:0.086412s ]
INFO: [ view_parse ] --END-- [ RunTime:0.086548s ]
INFO: [ view_filter ] --START--
INFO: Run Behavior\WriteHtmlCacheBehavior [ RunTime:0.004035s ]
INFO: [ view_filter ] --END-- [ RunTime:0.004158s ]
INFO: [ app_end ] --START--
INFO: Run Behavior\ShowPageTraceBehavior [ RunTime:0.027335s ]
INFO: [ app_end ] --END-- [ RunTime:0.027486s ]

[ 2017-10-14T09:47:36+08:00 ] 127.0.0.1 /xiaoxing/index.php/Index/checkSession
INFO: [ app_init ] --START--
INFO: Run Behavior\BuildLiteBehavior [ RunTime:0.000028s ]
INFO: [ app_init ] --END-- [ RunTime:0.001369s ]
INFO: [ app_begin ] --START--
INFO: Run Behavior\ReadHtmlCacheBehavior [ RunTime:0.002906s ]
INFO: [ app_begin ] --END-- [ RunTime:0.003014s ]

[ 2017-10-14T09:47:39+08:00 ] 127.0.0.1 /xiaoxing/index.php/User/login
INFO: [ app_init ] --START--
INFO: Run Behavior\BuildLiteBehavior [ RunTime:0.000035s ]
INFO: [ app_init ] --END-- [ RunTime:0.001953s ]
INFO: [ app_begin ] --START--
INFO: Run Behavior\ReadHtmlCacheBehavior [ RunTime:0.004475s ]
INFO: [ app_begin ] --END-- [ RunTime:0.004642s ]
INFO: [ view_parse ] --START--
INFO: [ template_filter ] --START--
INFO: Run Behavior\ContentReplaceBehavior [ RunTime:0.000117s ]
INFO: [ template_filter ] --END-- [ RunTime:0.000235s ]
INFO: Run Behavior\ParseTemplateBehavior [ RunTime:0.034778s ]
INFO: [ view_parse ] --END-- [ RunTime:0.034950s ]
INFO: [ view_filter ] --START--
INFO: Run Behavior\WriteHtmlCacheBehavior [ RunTime:0.002864s ]
INFO: [ view_filter ] --END-- [ RunTime:0.002964s ]
INFO: [ app_end ] --START--
INFO: Run Behavior\ShowPageTraceBehavior [ RunTime:0.003191s ]
INFO: [ app_end ] --END-- [ RunTime:0.003298s ]

[ 2017-10-14T09:47:39+08:00 ] 127.0.0.1 /xiaoxing/index.php/User/Public/Image/logo.png
INFO: [ app_init ] --START--
INFO: Run Behavior\BuildLiteBehavior [ RunTime:0.000067s ]
INFO: [ app_init ] --END-- [ RunTime:0.005371s ]

[ 2017-10-14T09:47:46+08:00 ] 127.0.0.1 /xiaoxing/index.php/User/checkUser?username=test
INFO: [ app_init ] --START--
INFO: Run Behavior\BuildLiteBehavior [ RunTime:0.000026s ]
INFO: [ app_init ] --END-- [ RunTime:0.001415s ]
INFO: [ app_begin ] --START--
INFO: Run Behavior\ReadHtmlCacheBehavior [ RunTime:0.002912s ]
INFO: [ app_begin ] --END-- [ RunTime:0.003019s ]

[ 2017-10-14T09:47:47+08:00 ] 127.0.0.1 /xiaoxing/index.php/User/checkLogin?username=test&password=123&rememberPass=0
INFO: [ app_init ] --START--
INFO: Run Behavior\BuildLiteBehavior [ RunTime:0.000027s ]
INFO: [ app_init ] --END-- [ RunTime:0.001350s ]
INFO: [ app_begin ] --START--
INFO: Run Behavior\ReadHtmlCacheBehavior [ RunTime:0.002968s ]
INFO: [ app_begin ] --END-- [ RunTime:0.003087s ]

[ 2017-10-14T09:47:47+08:00 ] 127.0.0.1 /xiaoxing/index
INFO: [ app_init ] --START--
INFO: Run Behavior\BuildLiteBehavior [ RunTime:0.000034s ]
INFO: [ app_init ] --END-- [ RunTime:0.002397s ]
INFO: [ app_begin ] --START--
INFO: Run Behavior\ReadHtmlCacheBehavior [ RunTime:0.002846s ]
INFO: [ app_begin ] --END-- [ RunTime:0.002969s ]
INFO: [ view_parse ] --START--
INFO: [ template_filter ] --START--
INFO: Run Behavior\ContentReplaceBehavior [ RunTime:0.000438s ]
INFO: [ template_filter ] --END-- [ RunTime:0.000599s ]
INFO: Run Behavior\ParseTemplateBehavior [ RunTime:0.033412s ]
INFO: [ view_parse ] --END-- [ RunTime:0.033544s ]
INFO: [ view_filter ] --START--
INFO: Run Behavior\WriteHtmlCacheBehavior [ RunTime:0.002907s ]
INFO: [ view_filter ] --END-- [ RunTime:0.003023s ]
INFO: [ app_end ] --START--
INFO: Run Behavior\ShowPageTraceBehavior [ RunTime:0.004395s ]
INFO: [ app_end ] --END-- [ RunTime:0.004520s ]

[ 2017-10-14T09:47:49+08:00 ] 127.0.0.1 /xiaoxing/index.php/Index/checkSession
INFO: [ app_init ] --START--
INFO: Run Behavior\BuildLiteBehavior [ RunTime:0.000027s ]
INFO: [ app_init ] --END-- [ RunTime:0.001413s ]
INFO: [ app_begin ] --START--
INFO: Run Behavior\ReadHtmlCacheBehavior [ RunTime:0.002917s ]
INFO: [ app_begin ] --END-- [ RunTime:0.003037s ]

[ 2017-10-14T09:47:49+08:00 ] 127.0.0.1 /xiaoxing/index.php/Analysis/dataAnalysis
INFO: [ app_init ] --START--
INFO: Run Behavior\BuildLiteBehavior [ RunTime:0.000036s ]
INFO: [ app_init ] --END-- [ RunTime:0.002217s ]
INFO: [ app_begin ] --START--
INFO: Run Behavior\ReadHtmlCacheBehavior [ RunTime:0.003392s ]
INFO: [ app_begin ] --END-- [ RunTime:0.003545s ]
INFO: [ view_parse ] --START--
INFO: [ template_filter ] --START--
INFO: Run Behavior\ContentReplaceBehavior [ RunTime:0.000162s ]
INFO: [ template_filter ] --END-- [ RunTime:0.000276s ]
INFO: Run Behavior\ParseTemplateBehavior [ RunTime:0.067987s ]
INFO: [ view_parse ] --END-- [ RunTime:0.068110s ]
INFO: [ view_filter ] --START--
INFO: Run Behavior\WriteHtmlCacheBehavior [ RunTime:0.002600s ]
INFO: [ view_filter ] --END-- [ RunTime:0.002688s ]
INFO: [ app_end ] --START--
INFO: Run Behavior\ShowPageTraceBehavior [ RunTime:0.003099s ]
INFO: [ app_end ] --END-- [ RunTime:0.003211s ]

[ 2017-10-14T09:47:51+08:00 ] 127.0.0.1 /xiaoxing/index.php/Analysis/Query_position_By_eid2
INFO: [ app_init ] --START--
INFO: Run Behavior\BuildLiteBehavior [ RunTime:0.000044s ]
INFO: [ app_init ] --END-- [ RunTime:0.002246s ]
INFO: [ app_begin ] --START--
INFO: Run Behavior\ReadHtmlCacheBehavior [ RunTime:0.008865s ]
INFO: [ app_begin ] --END-- [ RunTime:0.009376s ]

[ 2017-10-14T09:47:51+08:00 ] 127.0.0.1 /xiaoxing/index.php/Analysis/Query_rail_By_eid
INFO: [ app_init ] --START--
INFO: Run Behavior\BuildLiteBehavior [ RunTime:0.000042s ]
INFO: [ app_init ] --END-- [ RunTime:0.006244s ]
INFO: [ app_begin ] --START--
INFO: Run Behavior\ReadHtmlCacheBehavior [ RunTime:0.006463s ]
INFO: [ app_begin ] --END-- [ RunTime:0.006640s ]

[ 2017-10-14T09:47:55+08:00 ] 127.0.0.1 /xiaoxing/index.php/Analysis/chiyao.html
INFO: [ app_init ] --START--
INFO: Run Behavior\BuildLiteBehavior [ RunTime:0.000037s ]
INFO: [ app_init ] --END-- [ RunTime:0.001940s ]
INFO: [ app_begin ] --START--
INFO: Run Behavior\ReadHtmlCacheBehavior [ RunTime:0.003858s ]
INFO: [ app_begin ] --END-- [ RunTime:0.004049s ]
INFO: [ view_parse ] --START--
INFO: [ template_filter ] --START--
INFO: Run Behavior\ContentReplaceBehavior [ RunTime:0.000283s ]
INFO: [ template_filter ] --END-- [ RunTime:0.000470s ]
INFO: Run Behavior\ParseTemplateBehavior [ RunTime:0.074872s ]
INFO: [ view_parse ] --END-- [ RunTime:0.075024s ]
INFO: [ view_filter ] --START--
INFO: Run Behavior\WriteHtmlCacheBehavior [ RunTime:0.002654s ]
INFO: [ view_filter ] --END-- [ RunTime:0.002742s ]
INFO: [ app_end ] --START--
INFO: Run Behavior\ShowPageTraceBehavior [ RunTime:0.005222s ]
INFO: [ app_end ] --END-- [ RunTime:0.005374s ]

[ 2017-10-14T09:47:56+08:00 ] 127.0.0.1 /xiaoxing/index.php/Chiyao/chiyao_json?order=asc&offset=0&limit=10
INFO: [ app_init ] --START--
INFO: Run Behavior\BuildLiteBehavior [ RunTime:0.000028s ]
INFO: [ app_init ] --END-- [ RunTime:0.001515s ]
INFO: [ app_begin ] --START--
INFO: Run Behavior\ReadHtmlCacheBehavior [ RunTime:0.004950s ]
INFO: [ app_begin ] --END-- [ RunTime:0.005112s ]

[ 2017-10-14T09:51:43+08:00 ] 127.0.0.1 /xiaoxing/index.php/Table/chiyaoAdd
INFO: [ app_init ] --START--
INFO: Run Behavior\BuildLiteBehavior [ RunTime:0.000043s ]
INFO: [ app_init ] --END-- [ RunTime:0.002132s ]
INFO: [ app_begin ] --START--
INFO: Run Behavior\ReadHtmlCacheBehavior [ RunTime:0.005022s ]
INFO: [ app_begin ] --END-- [ RunTime:0.005247s ]

[ 2017-10-14T09:51:43+08:00 ] 127.0.0.1 /xiaoxing/index.php/Chiyao/chiyao_json?search=&order=asc&offset=0&limit=10
INFO: [ app_init ] --START--
INFO: Run Behavior\BuildLiteBehavior [ RunTime:0.000037s ]
INFO: [ app_init ] --END-- [ RunTime:0.002093s ]
INFO: [ app_begin ] --START--
INFO: Run Behavior\ReadHtmlCacheBehavior [ RunTime:0.004653s ]
INFO: [ app_begin ] --END-- [ RunTime:0.004910s ]

[ 2017-10-14T09:52:29+08:00 ] 127.0.0.1 /xiaoxing/index.php/Table/chiyaoRemove
INFO: [ app_init ] --START--
INFO: Run Behavior\BuildLiteBehavior [ RunTime:0.000041s ]
INFO: [ app_init ] --END-- [ RunTime:0.002158s ]
INFO: [ app_begin ] --START--
INFO: Run Behavior\ReadHtmlCacheBehavior [ RunTime:0.004066s ]
INFO: [ app_begin ] --END-- [ RunTime:0.004248s ]

[ 2017-10-14T09:52:44+08:00 ] 127.0.0.1 /xiaoxing/index.php/Chiyao/chiyao_json?search=&order=asc&offset=0&limit=10
INFO: [ app_init ] --START--
INFO: Run Behavior\BuildLiteBehavior [ RunTime:0.000033s ]
INFO: [ app_init ] --END-- [ RunTime:0.002027s ]
INFO: [ app_begin ] --START--
INFO: Run Behavior\ReadHtmlCacheBehavior [ RunTime:0.007039s ]
INFO: [ app_begin ] --END-- [ RunTime:0.007241s ]

[ 2017-10-14T09:52:56+08:00 ] 127.0.0.1 /xiaoxing/index.php/Chiyao/chiyao_json?search=&order=asc&offset=0&limit=10
INFO: [ app_init ] --START--
INFO: Run Behavior\BuildLiteBehavior [ RunTime:0.000028s ]
INFO: [ app_init ] --END-- [ RunTime:0.001549s ]
INFO: [ app_begin ] --START--
INFO: Run Behavior\ReadHtmlCacheBehavior [ RunTime:0.005013s ]
INFO: [ app_begin ] --END-- [ RunTime:0.005205s ]

[ 2017-10-14T09:53:58+08:00 ] 127.0.0.1 /xiaoxing/index.php/Analysis/chiyao.html
INFO: [ app_init ] --START--
INFO: Run Behavior\BuildLiteBehavior [ RunTime:0.000030s ]
INFO: [ app_init ] --END-- [ RunTime:0.001775s ]
INFO: [ app_begin ] --START--
INFO: Run Behavior\ReadHtmlCacheBehavior [ RunTime:0.003259s ]
INFO: [ app_begin ] --END-- [ RunTime:0.003393s ]
INFO: [ view_parse ] --START--
INFO: [ template_filter ] --START--
INFO: Run Behavior\ContentReplaceBehavior [ RunTime:0.000231s ]
INFO: [ template_filter ] --END-- [ RunTime:0.000352s ]
INFO: Run Behavior\ParseTemplateBehavior [ RunTime:0.033572s ]
INFO: [ view_parse ] --END-- [ RunTime:0.033701s ]
INFO: [ view_filter ] --START--
INFO: Run Behavior\WriteHtmlCacheBehavior [ RunTime:0.002978s ]
INFO: [ view_filter ] --END-- [ RunTime:0.003097s ]
INFO: [ app_end ] --START--
INFO: Run Behavior\ShowPageTraceBehavior [ RunTime:0.005267s ]
INFO: [ app_end ] --END-- [ RunTime:0.005418s ]

[ 2017-10-14T09:53:59+08:00 ] 127.0.0.1 /xiaoxing/index.php/Chiyao/chiyao_json?order=asc&offset=0&limit=10
INFO: [ app_init ] --START--
INFO: Run Behavior\BuildLiteBehavior [ RunTime:0.000045s ]
INFO: [ app_init ] --END-- [ RunTime:0.002183s ]
INFO: [ app_begin ] --START--
INFO: Run Behavior\ReadHtmlCacheBehavior [ RunTime:0.008952s ]
INFO: [ app_begin ] --END-- [ RunTime:0.009128s ]

[ 2017-10-14T10:12:20+08:00 ] 127.0.0.1 /xiaoxing/index.php/Analysis/chiyao.html
INFO: [ app_init ] --START--
INFO: Run Behavior\BuildLiteBehavior [ RunTime:0.000028s ]
INFO: [ app_init ] --END-- [ RunTime:0.001651s ]
INFO: [ app_begin ] --START--
INFO: Run Behavior\ReadHtmlCacheBehavior [ RunTime:0.003110s ]
INFO: [ app_begin ] --END-- [ RunTime:0.003231s ]
INFO: [ view_parse ] --START--
INFO: [ template_filter ] --START--
INFO: Run Behavior\ContentReplaceBehavior [ RunTime:0.000226s ]
INFO: [ template_filter ] --END-- [ RunTime:0.000347s ]
INFO: Run Behavior\ParseTemplateBehavior [ RunTime:0.032284s ]
INFO: [ view_parse ] --END-- [ RunTime:0.032408s ]
INFO: [ view_filter ] --START--
INFO: Run Behavior\WriteHtmlCacheBehavior [ RunTime:0.002660s ]
INFO: [ view_filter ] --END-- [ RunTime:0.002749s ]
INFO: [ app_end ] --START--
INFO: Run Behavior\ShowPageTraceBehavior [ RunTime:0.006938s ]
INFO: [ app_end ] --END-- [ RunTime:0.007099s ]

[ 2017-10-14T10:12:22+08:00 ] 127.0.0.1 /xiaoxing/index.php/Chiyao/chiyao_json?order=asc&offset=0&limit=10
INFO: [ app_init ] --START--
INFO: Run Behavior\BuildLiteBehavior [ RunTime:0.000058s ]
INFO: [ app_init ] --END-- [ RunTime:0.002888s ]
INFO: [ app_begin ] --START--
INFO: Run Behavior\ReadHtmlCacheBehavior [ RunTime:0.018462s ]
INFO: [ app_begin ] --END-- [ RunTime:0.018700s ]

[ 2017-10-14T10:15:32+08:00 ] 127.0.0.1 /xiaoxing/index.php/Table/chiyaoUpdate
INFO: [ app_init ] --START--
INFO: Run Behavior\BuildLiteBehavior [ RunTime:0.000035s ]
INFO: [ app_init ] --END-- [ RunTime:0.002076s ]
INFO: [ app_begin ] --START--
INFO: Run Behavior\ReadHtmlCacheBehavior [ RunTime:0.003171s ]
INFO: [ app_begin ] --END-- [ RunTime:0.003325s ]

[ 2017-10-14T10:15:33+08:00 ] 127.0.0.1 /xiaoxing/index.php/Chiyao/chiyao_json?order=asc&offset=0&limit=10
INFO: [ app_init ] --START--
INFO: Run Behavior\BuildLiteBehavior [ RunTime:0.000029s ]
INFO: [ app_init ] --END-- [ RunTime:0.001534s ]
INFO: [ app_begin ] --START--
INFO: Run Behavior\ReadHtmlCacheBehavior [ RunTime:0.002985s ]
INFO: [ app_begin ] --END-- [ RunTime:0.003117s ]

[ 2017-10-14T10:15:44+08:00 ] 127.0.0.1 /xiaoxing/index.php/Table/chiyaoUpdate
INFO: [ app_init ] --START--
INFO: Run Behavior\BuildLiteBehavior [ RunTime:0.000027s ]
INFO: [ app_init ] --END-- [ RunTime:0.001317s ]
INFO: [ app_begin ] --START--
INFO: Run Behavior\ReadHtmlCacheBehavior [ RunTime:0.002850s ]
INFO: [ app_begin ] --END-- [ RunTime:0.002964s ]

[ 2017-10-14T10:15:44+08:00 ] 127.0.0.1 /xiaoxing/index.php/Chiyao/chiyao_json?order=asc&offset=0&limit=10
INFO: [ app_init ] --START--
INFO: Run Behavior\BuildLiteBehavior [ RunTime:0.000027s ]
INFO: [ app_init ] --END-- [ RunTime:0.001415s ]
INFO: [ app_begin ] --START--
INFO: Run Behavior\ReadHtmlCacheBehavior [ RunTime:0.002977s ]
INFO: [ app_begin ] --END-- [ RunTime:0.003100s ]

