[ 2017-10-07T20:07:33+08:00 ] 127.0.0.1 /xiaoxing_admin/
INFO: [ app_init ] --START--
INFO: Run Behavior\BuildLiteBehavior [ RunTime:0.000057s ]
INFO: [ app_init ] --END-- [ RunTime:0.003428s ]
INFO: [ app_begin ] --START--
INFO: Run Behavior\ReadHtmlCacheBehavior [ RunTime:0.004118s ]
INFO: [ app_begin ] --END-- [ RunTime:0.004349s ]
INFO: [ view_parse ] --START--
INFO: [ template_filter ] --START--
INFO: Run Behavior\ContentReplaceBehavior [ RunTime:0.000570s ]
INFO: [ template_filter ] --END-- [ RunTime:0.000776s ]
INFO: Run Behavior\ParseTemplateBehavior [ RunTime:0.042294s ]
INFO: [ view_parse ] --END-- [ RunTime:0.042523s ]
INFO: [ view_filter ] --START--
INFO: Run Behavior\WriteHtmlCacheBehavior [ RunTime:0.007918s ]
INFO: [ view_filter ] --END-- [ RunTime:0.008281s ]
INFO: [ app_end ] --START--
INFO: Run Behavior\ShowPageTraceBehavior [ RunTime:0.018112s ]
INFO: [ app_end ] --END-- [ RunTime:0.018317s ]

[ 2017-10-07T20:07:38+08:00 ] 127.0.0.1 /xiaoxing_admin/index.php/User/login
INFO: [ app_init ] --START--
INFO: Run Behavior\BuildLiteBehavior [ RunTime:0.000050s ]
INFO: [ app_init ] --END-- [ RunTime:0.002295s ]
INFO: [ app_begin ] --START--
INFO: Run Behavior\ReadHtmlCacheBehavior [ RunTime:0.003297s ]
INFO: [ app_begin ] --END-- [ RunTime:0.003496s ]
INFO: [ view_parse ] --START--
INFO: [ template_filter ] --START--
INFO: Run Behavior\ContentReplaceBehavior [ RunTime:0.000173s ]
INFO: [ template_filter ] --END-- [ RunTime:0.000369s ]
INFO: Run Behavior\ParseTemplateBehavior [ RunTime:0.049708s ]
INFO: [ view_parse ] --END-- [ RunTime:0.049952s ]
INFO: [ view_filter ] --START--
INFO: Run Behavior\WriteHtmlCacheBehavior [ RunTime:0.003874s ]
INFO: [ view_filter ] --END-- [ RunTime:0.004042s ]
INFO: [ app_end ] --START--
INFO: Run Behavior\ShowPageTraceBehavior [ RunTime:0.005862s ]
INFO: [ app_end ] --END-- [ RunTime:0.006424s ]

[ 2017-10-07T20:07:39+08:00 ] 127.0.0.1 /xiaoxing_admin/index.php/User/Public/Image/logo.png
INFO: [ app_init ] --START--
INFO: Run Behavior\BuildLiteBehavior [ RunTime:0.000050s ]
INFO: [ app_init ] --END-- [ RunTime:0.002334s ]

[ 2017-10-07T20:07:47+08:00 ] 127.0.0.1 /xiaoxing_admin/index.php/User/checkUser?username=admin
INFO: [ app_init ] --START--
INFO: Run Behavior\BuildLiteBehavior [ RunTime:0.000042s ]
INFO: [ app_init ] --END-- [ RunTime:0.001838s ]
INFO: [ app_begin ] --START--
INFO: Run Behavior\ReadHtmlCacheBehavior [ RunTime:0.004096s ]
INFO: [ app_begin ] --END-- [ RunTime:0.004315s ]

[ 2017-10-07T20:07:47+08:00 ] 127.0.0.1 /xiaoxing_admin/index.php/User/checkLogin?username=admin&password=admin&rememberPass=0
INFO: [ app_init ] --START--
INFO: Run Behavior\BuildLiteBehavior [ RunTime:0.000041s ]
INFO: [ app_init ] --END-- [ RunTime:0.001811s ]
INFO: [ app_begin ] --START--
INFO: Run Behavior\ReadHtmlCacheBehavior [ RunTime:0.003369s ]
INFO: [ app_begin ] --END-- [ RunTime:0.003564s ]

[ 2017-10-07T20:07:47+08:00 ] 127.0.0.1 /xiaoxing_admin/index.php
INFO: [ app_init ] --START--
INFO: Run Behavior\BuildLiteBehavior [ RunTime:0.000056s ]
INFO: [ app_init ] --END-- [ RunTime:0.002490s ]
INFO: [ app_begin ] --START--
INFO: Run Behavior\ReadHtmlCacheBehavior [ RunTime:0.004923s ]
INFO: [ app_begin ] --END-- [ RunTime:0.005513s ]

[ 2017-10-07T20:07:47+08:00 ] 127.0.0.1 /xiaoxing_admin/index.php/Analysis/youmeng.html
INFO: [ app_init ] --START--
INFO: Run Behavior\BuildLiteBehavior [ RunTime:0.000054s ]
INFO: [ app_init ] --END-- [ RunTime:0.002429s ]
INFO: [ app_begin ] --START--
INFO: Run Behavior\ReadHtmlCacheBehavior [ RunTime:0.003816s ]
INFO: [ app_begin ] --END-- [ RunTime:0.004044s ]
INFO: [ view_parse ] --START--
INFO: [ template_filter ] --START--
INFO: Run Behavior\ContentReplaceBehavior [ RunTime:0.000264s ]
INFO: [ template_filter ] --END-- [ RunTime:0.000459s ]
INFO: Run Behavior\ParseTemplateBehavior [ RunTime:0.047806s ]
INFO: [ view_parse ] --END-- [ RunTime:0.048046s ]
INFO: [ view_filter ] --START--
INFO: Run Behavior\WriteHtmlCacheBehavior [ RunTime:0.005933s ]
INFO: [ view_filter ] --END-- [ RunTime:0.006111s ]
INFO: [ app_end ] --START--
INFO: Run Behavior\ShowPageTraceBehavior [ RunTime:0.004499s ]
INFO: [ app_end ] --END-- [ RunTime:0.004680s ]

[ 2017-10-07T20:17:03+08:00 ] 127.0.0.1 /xiaoxing_admin/index.php/Analysis/equipment.html
INFO: [ app_init ] --START--
INFO: Run Behavior\BuildLiteBehavior [ RunTime:0.000044s ]
INFO: [ app_init ] --END-- [ RunTime:0.003703s ]
INFO: [ app_begin ] --START--
INFO: Run Behavior\ReadHtmlCacheBehavior [ RunTime:0.014691s ]
INFO: [ app_begin ] --END-- [ RunTime:0.016251s ]
INFO: [ view_parse ] --START--
INFO: [ template_filter ] --START--
INFO: Run Behavior\ContentReplaceBehavior [ RunTime:0.000316s ]
INFO: [ template_filter ] --END-- [ RunTime:0.000521s ]
INFO: Run Behavior\ParseTemplateBehavior [ RunTime:0.050162s ]
INFO: [ view_parse ] --END-- [ RunTime:0.050398s ]
INFO: [ view_filter ] --START--
INFO: Run Behavior\WriteHtmlCacheBehavior [ RunTime:0.004314s ]
INFO: [ view_filter ] --END-- [ RunTime:0.004505s ]
INFO: [ app_end ] --START--
INFO: Run Behavior\ShowPageTraceBehavior [ RunTime:0.005626s ]
INFO: [ app_end ] --END-- [ RunTime:0.005880s ]

[ 2017-10-07T20:17:04+08:00 ] 127.0.0.1 /xiaoxing_admin/index.php/Analysis/equipment_json?order=asc&offset=0&limit=10
INFO: [ app_init ] --START--
INFO: Run Behavior\BuildLiteBehavior [ RunTime:0.000043s ]
INFO: [ app_init ] --END-- [ RunTime:0.002712s ]
INFO: [ app_begin ] --START--
INFO: Run Behavior\ReadHtmlCacheBehavior [ RunTime:0.009452s ]
INFO: [ app_begin ] --END-- [ RunTime:0.010012s ]

[ 2017-10-07T21:01:09+08:00 ] 127.0.0.1 /xiaoxing_admin/index.php/Analysis/chiyao
INFO: [ app_init ] --START--
INFO: Run Behavior\BuildLiteBehavior [ RunTime:0.000034s ]
INFO: [ app_init ] --END-- [ RunTime:0.001259s ]
INFO: [ app_begin ] --START--
INFO: Run Behavior\ReadHtmlCacheBehavior [ RunTime:0.002817s ]
INFO: [ app_begin ] --END-- [ RunTime:0.003016s ]
ERR: 非法操作:chiyao

[ 2017-10-07T21:02:06+08:00 ] 127.0.0.1 /xiaoxing_admin/index.php/Analysis/chiyao
INFO: [ app_init ] --START--
INFO: Run Behavior\BuildLiteBehavior [ RunTime:0.000028s ]
INFO: [ app_init ] --END-- [ RunTime:0.001285s ]
INFO: [ app_begin ] --START--
INFO: Run Behavior\ReadHtmlCacheBehavior [ RunTime:0.003070s ]
INFO: [ app_begin ] --END-- [ RunTime:0.003197s ]
INFO: [ view_parse ] --START--
INFO: [ template_filter ] --START--
INFO: Run Behavior\ContentReplaceBehavior [ RunTime:0.000372s ]
INFO: [ template_filter ] --END-- [ RunTime:0.000511s ]
INFO: Run Behavior\ParseTemplateBehavior [ RunTime:0.032503s ]
INFO: [ view_parse ] --END-- [ RunTime:0.032642s ]
INFO: [ view_filter ] --START--
INFO: Run Behavior\WriteHtmlCacheBehavior [ RunTime:0.003735s ]
INFO: [ view_filter ] --END-- [ RunTime:0.003888s ]
INFO: [ app_end ] --START--
INFO: Run Behavior\ShowPageTraceBehavior [ RunTime:0.004410s ]
INFO: [ app_end ] --END-- [ RunTime:0.004552s ]

[ 2017-10-07T21:02:06+08:00 ] 127.0.0.1 /xiaoxing_admin/index.php/Chiyao/chiyao_json?order=asc&offset=0&limit=10
INFO: [ app_init ] --START--
INFO: Run Behavior\BuildLiteBehavior [ RunTime:0.000050s ]
INFO: [ app_init ] --END-- [ RunTime:0.004080s ]
INFO: [ app_begin ] --START--
INFO: Run Behavior\ReadHtmlCacheBehavior [ RunTime:0.005526s ]
INFO: [ app_begin ] --END-- [ RunTime:0.005743s ]

[ 2017-10-07T21:32:53+08:00 ] 127.0.0.1 /xiaoxing_admin/
INFO: [ app_init ] --START--
INFO: Run Behavior\BuildLiteBehavior [ RunTime:0.000035s ]
INFO: [ app_init ] --END-- [ RunTime:0.010909s ]
INFO: [ app_begin ] --START--
INFO: Run Behavior\ReadHtmlCacheBehavior [ RunTime:0.003539s ]
INFO: [ app_begin ] --END-- [ RunTime:0.003669s ]
INFO: [ view_parse ] --START--
INFO: [ template_filter ] --START--
INFO: Run Behavior\ContentReplaceBehavior [ RunTime:0.000095s ]
INFO: [ template_filter ] --END-- [ RunTime:0.000214s ]
INFO: Run Behavior\ParseTemplateBehavior [ RunTime:0.052947s ]
INFO: [ view_parse ] --END-- [ RunTime:0.053127s ]
INFO: [ view_filter ] --START--
INFO: Run Behavior\WriteHtmlCacheBehavior [ RunTime:0.004806s ]
INFO: [ view_filter ] --END-- [ RunTime:0.004967s ]
INFO: [ app_end ] --START--
INFO: Run Behavior\ShowPageTraceBehavior [ RunTime:0.010045s ]
INFO: [ app_end ] --END-- [ RunTime:0.010347s ]

[ 2017-10-07T21:32:57+08:00 ] 127.0.0.1 /xiaoxing_admin/index.php/User/login
INFO: [ app_init ] --START--
INFO: Run Behavior\BuildLiteBehavior [ RunTime:0.000027s ]
INFO: [ app_init ] --END-- [ RunTime:0.001495s ]
INFO: [ app_begin ] --START--
INFO: Run Behavior\ReadHtmlCacheBehavior [ RunTime:0.003405s ]
INFO: [ app_begin ] --END-- [ RunTime:0.003552s ]
INFO: [ view_parse ] --START--
INFO: [ template_filter ] --START--
INFO: Run Behavior\ContentReplaceBehavior [ RunTime:0.000114s ]
INFO: [ template_filter ] --END-- [ RunTime:0.000234s ]
INFO: Run Behavior\ParseTemplateBehavior [ RunTime:0.027337s ]
INFO: [ view_parse ] --END-- [ RunTime:0.027520s ]
INFO: [ view_filter ] --START--
INFO: Run Behavior\WriteHtmlCacheBehavior [ RunTime:0.002768s ]
INFO: [ view_filter ] --END-- [ RunTime:0.002868s ]
INFO: [ app_end ] --START--
INFO: Run Behavior\ShowPageTraceBehavior [ RunTime:0.003602s ]
INFO: [ app_end ] --END-- [ RunTime:0.003830s ]

[ 2017-10-07T21:33:04+08:00 ] 127.0.0.1 /xiaoxing_admin/index.php/User/checkUser?username=admin
INFO: [ app_init ] --START--
INFO: Run Behavior\BuildLiteBehavior [ RunTime:0.000043s ]
INFO: [ app_init ] --END-- [ RunTime:0.002711s ]
INFO: [ app_begin ] --START--
INFO: Run Behavior\ReadHtmlCacheBehavior [ RunTime:0.004226s ]
INFO: [ app_begin ] --END-- [ RunTime:0.004417s ]

[ 2017-10-07T21:33:04+08:00 ] 127.0.0.1 /xiaoxing_admin/index.php/User/checkLogin?username=admin&password=admin&rememberPass=0
INFO: [ app_init ] --START--
INFO: Run Behavior\BuildLiteBehavior [ RunTime:0.000041s ]
INFO: [ app_init ] --END-- [ RunTime:0.001801s ]
INFO: [ app_begin ] --START--
INFO: Run Behavior\ReadHtmlCacheBehavior [ RunTime:0.003531s ]
INFO: [ app_begin ] --END-- [ RunTime:0.003682s ]

[ 2017-10-07T21:33:04+08:00 ] 127.0.0.1 /xiaoxing_admin/index.php
INFO: [ app_init ] --START--
INFO: Run Behavior\BuildLiteBehavior [ RunTime:0.000033s ]
INFO: [ app_init ] --END-- [ RunTime:0.001863s ]
INFO: [ app_begin ] --START--
INFO: Run Behavior\ReadHtmlCacheBehavior [ RunTime:0.003586s ]
INFO: [ app_begin ] --END-- [ RunTime:0.003747s ]

[ 2017-10-07T21:33:04+08:00 ] 127.0.0.1 /xiaoxing_admin/index.php/Analysis/youmeng.html
INFO: [ app_init ] --START--
INFO: Run Behavior\BuildLiteBehavior [ RunTime:0.000037s ]
INFO: [ app_init ] --END-- [ RunTime:0.001677s ]
INFO: [ app_begin ] --START--
INFO: Run Behavior\ReadHtmlCacheBehavior [ RunTime:0.002855s ]
INFO: [ app_begin ] --END-- [ RunTime:0.002979s ]
INFO: [ view_parse ] --START--
INFO: [ template_filter ] --START--
INFO: Run Behavior\ContentReplaceBehavior [ RunTime:0.000193s ]
INFO: [ template_filter ] --END-- [ RunTime:0.000303s ]
INFO: Run Behavior\ParseTemplateBehavior [ RunTime:0.047732s ]
INFO: [ view_parse ] --END-- [ RunTime:0.047887s ]
INFO: [ view_filter ] --START--
INFO: Run Behavior\WriteHtmlCacheBehavior [ RunTime:0.003128s ]
INFO: [ view_filter ] --END-- [ RunTime:0.003247s ]
INFO: [ app_end ] --START--
INFO: Run Behavior\ShowPageTraceBehavior [ RunTime:0.003157s ]
INFO: [ app_end ] --END-- [ RunTime:0.003259s ]

[ 2017-10-07T21:34:44+08:00 ] 127.0.0.1 /xiaoxing_admin/index.php/Analysis/youmeng.html
INFO: [ app_init ] --START--
INFO: Run Behavior\BuildLiteBehavior [ RunTime:0.000037s ]
INFO: [ app_init ] --END-- [ RunTime:0.002032s ]
INFO: [ app_begin ] --START--
INFO: Run Behavior\ReadHtmlCacheBehavior [ RunTime:0.004340s ]
INFO: [ app_begin ] --END-- [ RunTime:0.004520s ]
INFO: [ view_parse ] --START--
INFO: [ template_filter ] --START--
INFO: Run Behavior\ContentReplaceBehavior [ RunTime:0.000199s ]
INFO: [ template_filter ] --END-- [ RunTime:0.000324s ]
INFO: Run Behavior\ParseTemplateBehavior [ RunTime:0.036800s ]
INFO: [ view_parse ] --END-- [ RunTime:0.036936s ]
INFO: [ view_filter ] --START--
INFO: Run Behavior\WriteHtmlCacheBehavior [ RunTime:0.002844s ]
INFO: [ view_filter ] --END-- [ RunTime:0.002950s ]
INFO: [ app_end ] --START--
INFO: Run Behavior\ShowPageTraceBehavior [ RunTime:0.003265s ]
INFO: [ app_end ] --END-- [ RunTime:0.003391s ]

[ 2017-10-07T21:34:50+08:00 ] 127.0.0.1 /xiaoxing_admin/index.php/Analysis/chiyao.html
INFO: [ app_init ] --START--
INFO: Run Behavior\BuildLiteBehavior [ RunTime:0.000034s ]
INFO: [ app_init ] --END-- [ RunTime:0.001879s ]
INFO: [ app_begin ] --START--
INFO: Run Behavior\ReadHtmlCacheBehavior [ RunTime:0.005645s ]
INFO: [ app_begin ] --END-- [ RunTime:0.005837s ]
INFO: [ view_parse ] --START--
INFO: [ template_filter ] --START--
INFO: Run Behavior\ContentReplaceBehavior [ RunTime:0.000269s ]
INFO: [ template_filter ] --END-- [ RunTime:0.000413s ]
INFO: Run Behavior\ParseTemplateBehavior [ RunTime:0.082701s ]
INFO: [ view_parse ] --END-- [ RunTime:0.082869s ]
INFO: [ view_filter ] --START--
INFO: Run Behavior\WriteHtmlCacheBehavior [ RunTime:0.003893s ]
INFO: [ view_filter ] --END-- [ RunTime:0.004187s ]
INFO: [ app_end ] --START--
INFO: Run Behavior\ShowPageTraceBehavior [ RunTime:0.007624s ]
INFO: [ app_end ] --END-- [ RunTime:0.008317s ]

[ 2017-10-07T21:34:50+08:00 ] 127.0.0.1 /xiaoxing_admin/index.php/Chiyao/chiyao_json?order=asc&offset=0&limit=10
INFO: [ app_init ] --START--
INFO: Run Behavior\BuildLiteBehavior [ RunTime:0.000049s ]
INFO: [ app_init ] --END-- [ RunTime:0.003971s ]
INFO: [ app_begin ] --START--
INFO: Run Behavior\ReadHtmlCacheBehavior [ RunTime:0.003870s ]
INFO: [ app_begin ] --END-- [ RunTime:0.004042s ]

[ 2017-10-07T21:45:58+08:00 ] 127.0.0.1 /xiaoxing_admin/index.php/Chiyao/chiyao_json?search=&order=asc&offset=0&limit=10
INFO: [ app_init ] --START--
INFO: Run Behavior\BuildLiteBehavior [ RunTime:0.000035s ]
INFO: [ app_init ] --END-- [ RunTime:0.001626s ]
INFO: [ app_begin ] --START--
INFO: Run Behavior\ReadHtmlCacheBehavior [ RunTime:0.003956s ]
INFO: [ app_begin ] --END-- [ RunTime:0.004106s ]

[ 2017-10-07T21:45:59+08:00 ] 127.0.0.1 /xiaoxing_admin/index.php/Chiyao/chiyao_json?search=&order=asc&offset=0&limit=10
INFO: [ app_init ] --START--
INFO: Run Behavior\BuildLiteBehavior [ RunTime:0.000034s ]
INFO: [ app_init ] --END-- [ RunTime:0.001648s ]
INFO: [ app_begin ] --START--
INFO: Run Behavior\ReadHtmlCacheBehavior [ RunTime:0.006237s ]
INFO: [ app_begin ] --END-- [ RunTime:0.006397s ]

[ 2017-10-07T21:46:15+08:00 ] 127.0.0.1 /xiaoxing_admin/index.php/Analysis/position.html
INFO: [ app_init ] --START--
INFO: Run Behavior\BuildLiteBehavior [ RunTime:0.000032s ]
INFO: [ app_init ] --END-- [ RunTime:0.001326s ]
INFO: [ app_begin ] --START--
INFO: Run Behavior\ReadHtmlCacheBehavior [ RunTime:0.004051s ]
INFO: [ app_begin ] --END-- [ RunTime:0.004208s ]
INFO: [ view_parse ] --START--
INFO: [ template_filter ] --START--
INFO: Run Behavior\ContentReplaceBehavior [ RunTime:0.000250s ]
INFO: [ template_filter ] --END-- [ RunTime:0.000392s ]
INFO: Run Behavior\ParseTemplateBehavior [ RunTime:0.095569s ]
INFO: [ view_parse ] --END-- [ RunTime:0.095735s ]
INFO: [ view_filter ] --START--
INFO: Run Behavior\WriteHtmlCacheBehavior [ RunTime:0.005972s ]
INFO: [ view_filter ] --END-- [ RunTime:0.006108s ]
INFO: [ app_end ] --START--
INFO: Run Behavior\ShowPageTraceBehavior [ RunTime:0.007039s ]
INFO: [ app_end ] --END-- [ RunTime:0.007269s ]

[ 2017-10-07T21:46:19+08:00 ] 127.0.0.1 /xiaoxing_admin/index.php/Analysis/position_json?order=asc&offset=0&limit=10
INFO: [ app_init ] --START--
INFO: Run Behavior\BuildLiteBehavior [ RunTime:0.000039s ]
INFO: [ app_init ] --END-- [ RunTime:0.001828s ]
INFO: [ app_begin ] --START--
INFO: Run Behavior\ReadHtmlCacheBehavior [ RunTime:0.005807s ]
INFO: [ app_begin ] --END-- [ RunTime:0.005950s ]

[ 2017-10-07T21:46:44+08:00 ] 127.0.0.1 /xiaoxing_admin/index.php/Analysis/rail.html
INFO: [ app_init ] --START--
INFO: Run Behavior\BuildLiteBehavior [ RunTime:0.000035s ]
INFO: [ app_init ] --END-- [ RunTime:0.001487s ]
INFO: [ app_begin ] --START--
INFO: Run Behavior\ReadHtmlCacheBehavior [ RunTime:0.003882s ]
INFO: [ app_begin ] --END-- [ RunTime:0.004038s ]
INFO: [ view_parse ] --START--
INFO: [ template_filter ] --START--
INFO: Run Behavior\ContentReplaceBehavior [ RunTime:0.000219s ]
INFO: [ template_filter ] --END-- [ RunTime:0.000348s ]
INFO: Run Behavior\ParseTemplateBehavior [ RunTime:0.062698s ]
INFO: [ view_parse ] --END-- [ RunTime:0.062868s ]
INFO: [ view_filter ] --START--
INFO: Run Behavior\WriteHtmlCacheBehavior [ RunTime:0.004689s ]
INFO: [ view_filter ] --END-- [ RunTime:0.004818s ]
INFO: [ app_end ] --START--
INFO: Run Behavior\ShowPageTraceBehavior [ RunTime:0.005930s ]
INFO: [ app_end ] --END-- [ RunTime:0.006201s ]

[ 2017-10-07T21:46:45+08:00 ] 127.0.0.1 /xiaoxing_admin/index.php/Analysis/rail_json?order=asc&offset=0&limit=10
INFO: [ app_init ] --START--
INFO: Run Behavior\BuildLiteBehavior [ RunTime:0.000034s ]
INFO: [ app_init ] --END-- [ RunTime:0.001621s ]
INFO: [ app_begin ] --START--
INFO: Run Behavior\ReadHtmlCacheBehavior [ RunTime:0.003797s ]
INFO: [ app_begin ] --END-- [ RunTime:0.003942s ]

[ 2017-10-07T21:54:29+08:00 ] 127.0.0.1 /xiaoxing_admin/
INFO: [ app_init ] --START--
INFO: Run Behavior\BuildLiteBehavior [ RunTime:0.000036s ]
INFO: [ app_init ] --END-- [ RunTime:0.001854s ]
INFO: [ app_begin ] --START--
INFO: Run Behavior\ReadHtmlCacheBehavior [ RunTime:0.004423s ]
INFO: [ app_begin ] --END-- [ RunTime:0.004578s ]
INFO: [ view_parse ] --START--
INFO: [ template_filter ] --START--
INFO: Run Behavior\ContentReplaceBehavior [ RunTime:0.000093s ]
INFO: [ template_filter ] --END-- [ RunTime:0.000207s ]
INFO: Run Behavior\ParseTemplateBehavior [ RunTime:0.025735s ]
INFO: [ view_parse ] --END-- [ RunTime:0.025876s ]
INFO: [ view_filter ] --START--
INFO: Run Behavior\WriteHtmlCacheBehavior [ RunTime:0.003210s ]
INFO: [ view_filter ] --END-- [ RunTime:0.003379s ]
INFO: [ app_end ] --START--
INFO: Run Behavior\ShowPageTraceBehavior [ RunTime:0.004430s ]
INFO: [ app_end ] --END-- [ RunTime:0.004570s ]

[ 2017-10-07T21:54:33+08:00 ] 127.0.0.1 /xiaoxing_admin/index.php/User/login
INFO: [ app_init ] --START--
INFO: Run Behavior\BuildLiteBehavior [ RunTime:0.000029s ]
INFO: [ app_init ] --END-- [ RunTime:0.001583s ]
INFO: [ app_begin ] --START--
INFO: Run Behavior\ReadHtmlCacheBehavior [ RunTime:0.003362s ]
INFO: [ app_begin ] --END-- [ RunTime:0.003507s ]
INFO: [ view_parse ] --START--
INFO: [ template_filter ] --START--
INFO: Run Behavior\ContentReplaceBehavior [ RunTime:0.000113s ]
INFO: [ template_filter ] --END-- [ RunTime:0.000233s ]
INFO: Run Behavior\ParseTemplateBehavior [ RunTime:0.025657s ]
INFO: [ view_parse ] --END-- [ RunTime:0.025814s ]
INFO: [ view_filter ] --START--
INFO: Run Behavior\WriteHtmlCacheBehavior [ RunTime:0.002770s ]
INFO: [ view_filter ] --END-- [ RunTime:0.002865s ]
INFO: [ app_end ] --START--
INFO: Run Behavior\ShowPageTraceBehavior [ RunTime:0.003013s ]
INFO: [ app_end ] --END-- [ RunTime:0.003132s ]

[ 2017-10-07T21:54:44+08:00 ] 127.0.0.1 /xiaoxing_admin/index.php/User/checkUser?username=admin
INFO: [ app_init ] --START--
INFO: Run Behavior\BuildLiteBehavior [ RunTime:0.000032s ]
INFO: [ app_init ] --END-- [ RunTime:0.001597s ]
INFO: [ app_begin ] --START--
INFO: Run Behavior\ReadHtmlCacheBehavior [ RunTime:0.002572s ]
INFO: [ app_begin ] --END-- [ RunTime:0.002691s ]

[ 2017-10-07T21:54:44+08:00 ] 127.0.0.1 /xiaoxing_admin/index.php/User/checkLogin?username=admin&password=admin&rememberPass=0
INFO: [ app_init ] --START--
INFO: Run Behavior\BuildLiteBehavior [ RunTime:0.000030s ]
INFO: [ app_init ] --END-- [ RunTime:0.001341s ]
INFO: [ app_begin ] --START--
INFO: Run Behavior\ReadHtmlCacheBehavior [ RunTime:0.002172s ]
INFO: [ app_begin ] --END-- [ RunTime:0.002269s ]

[ 2017-10-07T21:54:44+08:00 ] 127.0.0.1 /xiaoxing_admin/index.php
INFO: [ app_init ] --START--
INFO: Run Behavior\BuildLiteBehavior [ RunTime:0.000041s ]
INFO: [ app_init ] --END-- [ RunTime:0.002094s ]
INFO: [ app_begin ] --START--
INFO: Run Behavior\ReadHtmlCacheBehavior [ RunTime:0.002400s ]
INFO: [ app_begin ] --END-- [ RunTime:0.002533s ]

[ 2017-10-07T21:54:44+08:00 ] 127.0.0.1 /xiaoxing_admin/index.php/Analysis/youmeng.html
INFO: [ app_init ] --START--
INFO: Run Behavior\BuildLiteBehavior [ RunTime:0.000027s ]
INFO: [ app_init ] --END-- [ RunTime:0.001236s ]
INFO: [ app_begin ] --START--
INFO: Run Behavior\ReadHtmlCacheBehavior [ RunTime:0.002741s ]
INFO: [ app_begin ] --END-- [ RunTime:0.002890s ]
INFO: [ view_parse ] --START--
INFO: [ template_filter ] --START--
INFO: Run Behavior\ContentReplaceBehavior [ RunTime:0.000184s ]
INFO: [ template_filter ] --END-- [ RunTime:0.000304s ]
INFO: Run Behavior\ParseTemplateBehavior [ RunTime:0.027104s ]
INFO: [ view_parse ] --END-- [ RunTime:0.027235s ]
INFO: [ view_filter ] --START--
INFO: Run Behavior\WriteHtmlCacheBehavior [ RunTime:0.001985s ]
INFO: [ view_filter ] --END-- [ RunTime:0.002070s ]
INFO: [ app_end ] --START--
INFO: Run Behavior\ShowPageTraceBehavior [ RunTime:0.002287s ]
INFO: [ app_end ] --END-- [ RunTime:0.002386s ]

